	Command being timed: "make -f align_CDSes.mk -j16 parse_ref_CDSes"
	User time (seconds): 64.03
	System time (seconds): 5.53
	Percent of CPU this job got: 112%
	Elapsed (wall clock) time (h:mm:ss or m:ss): 1:01.91
	Average shared text size (kbytes): 0
	Average unshared data size (kbytes): 0
	Average stack size (kbytes): 0
	Average total size (kbytes): 0
	Maximum resident set size (kbytes): 163216
	Average resident set size (kbytes): 0
	Major (requiring I/O) page faults: 3
	Minor (reclaiming a frame) page faults: 250880
	Voluntary context switches: 275
	Involuntary context switches: 40559
	Swaps: 0
	File system inputs: 10442688
	File system outputs: 423632
	Socket messages sent: 0
	Socket messages received: 0
	Signals delivered: 0
	Page size (bytes): 4096
	Exit status: 0
