	Command being timed: "make -j36 -f align_introns.mk align_all"
	User time (seconds): 385278.37
	System time (seconds): 6940.24
	Percent of CPU this job got: 3670%
	Elapsed (wall clock) time (h:mm:ss or m:ss): 2:58:07
	Average shared text size (kbytes): 0
	Average unshared data size (kbytes): 0
	Average stack size (kbytes): 0
	Average total size (kbytes): 0
	Maximum resident set size (kbytes): 56230160
	Average resident set size (kbytes): 0
	Major (requiring I/O) page faults: 2
	Minor (reclaiming a frame) page faults: 2539434159
	Voluntary context switches: 167424783
	Involuntary context switches: 28257775
	Swaps: 0
	File system inputs: 104
	File system outputs: 16345440
	Socket messages sent: 0
	Socket messages received: 0
	Signals delivered: 0
	Page size (bytes): 4096
	Exit status: 0
