	Command being timed: "make -j16 -f align_introns.mk parse_ref_introns"
	User time (seconds): 116.08
	System time (seconds): 83.00
	Percent of CPU this job got: 108%
	Elapsed (wall clock) time (h:mm:ss or m:ss): 3:03.21
	Average shared text size (kbytes): 0
	Average unshared data size (kbytes): 0
	Average stack size (kbytes): 0
	Average total size (kbytes): 0
	Maximum resident set size (kbytes): 157416
	Average resident set size (kbytes): 0
	Major (requiring I/O) page faults: 0
	Minor (reclaiming a frame) page faults: 8802576
	Voluntary context switches: 127121
	Involuntary context switches: 3460
	Swaps: 0
	File system inputs: 0
	File system outputs: 1325632
	Socket messages sent: 0
	Socket messages received: 0
	Signals delivered: 0
	Page size (bytes): 4096
	Exit status: 0
