	Command being timed: "make -f align_introns.mk -j36 parse_sample_introns"
	User time (seconds): 6415.06
	System time (seconds): 405.15
	Percent of CPU this job got: 1286%
	Elapsed (wall clock) time (h:mm:ss or m:ss): 8:50.17
	Average shared text size (kbytes): 0
	Average unshared data size (kbytes): 0
	Average stack size (kbytes): 0
	Average total size (kbytes): 0
	Maximum resident set size (kbytes): 158268
	Average resident set size (kbytes): 0
	Major (requiring I/O) page faults: 0
	Minor (reclaiming a frame) page faults: 9642548
	Voluntary context switches: 4077
	Involuntary context switches: 44021
	Swaps: 0
	File system inputs: 0
	File system outputs: 54834336
	Socket messages sent: 0
	Socket messages received: 0
	Signals delivered: 0
	Page size (bytes): 4096
	Exit status: 0
