	Command being timed: "make -j4 -f prep_proteomes.mk proteome"
	User time (seconds): 57.48
	System time (seconds): 3.84
	Percent of CPU this job got: 123%
	Elapsed (wall clock) time (h:mm:ss or m:ss): 0:49.75
	Average shared text size (kbytes): 0
	Average unshared data size (kbytes): 0
	Average stack size (kbytes): 0
	Average total size (kbytes): 0
	Maximum resident set size (kbytes): 163156
	Average resident set size (kbytes): 0
	Major (requiring I/O) page faults: 0
	Minor (reclaiming a frame) page faults: 308718
	Voluntary context switches: 98
	Involuntary context switches: 138
	Swaps: 0
	File system inputs: 0
	File system outputs: 443648
	Socket messages sent: 0
	Socket messages received: 0
	Signals delivered: 0
	Page size (bytes): 4096
	Exit status: 0
