	Command being timed: "make -j5 -f assembly_BUSCO.mk genome_plot"
	User time (seconds): 4078507.61
	System time (seconds): 27899.99
	Percent of CPU this job got: 2891%
	Elapsed (wall clock) time (h:mm:ss or m:ss): 39:27:02
	Average shared text size (kbytes): 0
	Average unshared data size (kbytes): 0
	Average stack size (kbytes): 0
	Average total size (kbytes): 0
	Maximum resident set size (kbytes): 3513284
	Average resident set size (kbytes): 0
	Major (requiring I/O) page faults: 562
	Minor (reclaiming a frame) page faults: 6505805324
	Voluntary context switches: 518778917
	Involuntary context switches: 138967808
	Swaps: 0
	File system inputs: 3607552
	File system outputs: 103637848
	Socket messages sent: 0
	Socket messages received: 0
	Signals delivered: 0
	Page size (bytes): 4096
	Exit status: 0
